2025-03-22T11:03:02.252+05:30  INFO 10076 --- [Vish Mobile Backend] [main] l.i.v.VishMobileBackendApplicationTests  : Starting VishMobileBackendApplicationTests using Java 17.0.14 with PID 10076 (started by hirus in C:\Users\hirus\IdeaProjects\Vish Mobile By Perera Investments\Vish Mobile Backend)
2025-03-22T11:03:02.255+05:30 DEBUG 10076 --- [Vish Mobile Backend] [main] l.i.v.VishMobileBackendApplicationTests  : Running with Spring Boot v3.4.3, Spring v6.2.3
2025-03-22T11:03:02.256+05:30  INFO 10076 --- [Vish Mobile Backend] [main] l.i.v.VishMobileBackendApplicationTests  : No active profile set, falling back to 1 default profile: "default"
2025-03-22T11:03:03.719+05:30  INFO 10076 --- [Vish Mobile Backend] [main] .s.d.r.c.RepositoryConfigurationDelegate : Bootstrapping Spring Data JPA repositories in DEFAULT mode.
2025-03-22T11:03:03.867+05:30  INFO 10076 --- [Vish Mobile Backend] [main] .s.d.r.c.RepositoryConfigurationDelegate : Finished Spring Data repository scanning in 123 ms. Found 3 JPA repository interfaces.
2025-03-22T11:03:05.034+05:30  INFO 10076 --- [Vish Mobile Backend] [main] o.hibernate.jpa.internal.util.LogHelper  : HHH000204: Processing PersistenceUnitInfo [name: default]
2025-03-22T11:03:05.246+05:30  INFO 10076 --- [Vish Mobile Backend] [main] org.hibernate.Version                    : HHH000412: Hibernate ORM core version 6.3.1.Final
2025-03-22T11:03:05.352+05:30  INFO 10076 --- [Vish Mobile Backend] [main] o.h.c.internal.RegionFactoryInitiator    : HHH000026: Second-level cache disabled
2025-03-22T11:03:05.962+05:30  INFO 10076 --- [Vish Mobile Backend] [main] o.s.o.j.p.SpringPersistenceUnitInfo      : No LoadTimeWeaver setup: ignoring JPA class transformer
2025-03-22T11:03:06.034+05:30  INFO 10076 --- [Vish Mobile Backend] [main] com.zaxxer.hikari.HikariDataSource       : HikariPool-1 - Starting...
2025-03-22T11:03:06.670+05:30  INFO 10076 --- [Vish Mobile Backend] [main] com.zaxxer.hikari.pool.HikariPool        : HikariPool-1 - Added connection com.mysql.cj.jdbc.ConnectionImpl@39a8e2fa
2025-03-22T11:03:06.674+05:30  INFO 10076 --- [Vish Mobile Backend] [main] com.zaxxer.hikari.HikariDataSource       : HikariPool-1 - Start completed.
2025-03-22T11:03:06.780+05:30  WARN 10076 --- [Vish Mobile Backend] [main] org.hibernate.orm.deprecation            : HHH90000025: MySQLDialect does not need to be specified explicitly using 'hibernate.dialect' (remove the property setting and it will be selected by default)
2025-03-22T11:03:08.579+05:30  INFO 10076 --- [Vish Mobile Backend] [main] o.h.e.t.j.p.i.JtaPlatformInitiator       : HHH000489: No JTA platform available (set 'hibernate.transaction.jta.platform' to enable JTA platform integration)
2025-03-22T11:03:08.651+05:30  INFO 10076 --- [Vish Mobile Backend] [main] j.LocalContainerEntityManagerFactoryBean : Initialized JPA EntityManagerFactory for persistence unit 'default'
2025-03-22T11:03:09.759+05:30  WARN 10076 --- [Vish Mobile Backend] [main] JpaBaseConfiguration$JpaWebConfiguration : spring.jpa.open-in-view is enabled by default. Therefore, database queries may be performed during view rendering. Explicitly configure spring.jpa.open-in-view to disable this warning
2025-03-22T11:03:09.789+05:30  INFO 10076 --- [Vish Mobile Backend] [main] r$InitializeUserDetailsManagerConfigurer : Global AuthenticationManager configured with UserDetailsService bean with name userServiceImpl
2025-03-22T11:03:10.406+05:30  WARN 10076 --- [Vish Mobile Backend] [main] thorizationManagerRequestMatcherRegistry : One of the patterns in [api/v1/user/auth/register, api/v1/user/auth/login/v2, api/v1/user/auth/login] is missing a leading slash. This is discouraged; please include the leading slash in all your request matcher patterns. In future versions of Spring Security, leaving out the leading slash will result in an exception.
2025-03-22T11:03:11.187+05:30  INFO 10076 --- [Vish Mobile Backend] [main] o.s.m.s.b.SimpleBrokerMessageHandler     : Starting...
2025-03-22T11:03:11.191+05:30  INFO 10076 --- [Vish Mobile Backend] [main] o.s.m.s.b.SimpleBrokerMessageHandler     : BrokerAvailabilityEvent[available=true, SimpleBrokerMessageHandler [org.springframework.messaging.simp.broker.DefaultSubscriptionRegistry@781ecbac]]
2025-03-22T11:03:11.193+05:30  INFO 10076 --- [Vish Mobile Backend] [main] o.s.m.s.b.SimpleBrokerMessageHandler     : Started.
2025-03-22T11:03:11.207+05:30  INFO 10076 --- [Vish Mobile Backend] [main] l.i.v.VishMobileBackendApplicationTests  : Started VishMobileBackendApplicationTests in 9.593 seconds (process running for 11.979)
2025-03-22T11:03:12.529+05:30  INFO 10076 --- [Vish Mobile Backend] [SpringApplicationShutdownHook] o.s.m.s.b.SimpleBrokerMessageHandler     : Stopping...
2025-03-22T11:03:12.530+05:30  INFO 10076 --- [Vish Mobile Backend] [SpringApplicationShutdownHook] o.s.m.s.b.SimpleBrokerMessageHandler     : BrokerAvailabilityEvent[available=false, SimpleBrokerMessageHandler [org.springframework.messaging.simp.broker.DefaultSubscriptionRegistry@781ecbac]]
2025-03-22T11:03:12.531+05:30  INFO 10076 --- [Vish Mobile Backend] [SpringApplicationShutdownHook] o.s.m.s.b.SimpleBrokerMessageHandler     : Stopped.
2025-03-22T11:03:12.534+05:30  INFO 10076 --- [Vish Mobile Backend] [SpringApplicationShutdownHook] j.LocalContainerEntityManagerFactoryBean : Closing JPA EntityManagerFactory for persistence unit 'default'
2025-03-22T11:03:12.538+05:30  INFO 10076 --- [Vish Mobile Backend] [SpringApplicationShutdownHook] com.zaxxer.hikari.HikariDataSource       : HikariPool-1 - Shutdown initiated...
2025-03-22T11:03:12.556+05:30  INFO 10076 --- [Vish Mobile Backend] [SpringApplicationShutdownHook] com.zaxxer.hikari.HikariDataSource       : HikariPool-1 - Shutdown completed.
